The system is: Darwin - 12.5.0 - i386
Compiling the C compiler identification source file "CMakeCCompilerId.c" succeeded.
Compiler: /usr/bin/cc 
Build flags: 
Id flags: 

The output was:
0


Compilation of the C compiler identification source "CMakeCCompilerId.c" produced "a.out"

The C compiler identification is Clang, found in "/Users/A40154/works/socket.io-cpp/build/CMakeFiles/2.8.12.2/CompilerIdC/a.out"

Compiling the CXX compiler identification source file "CMakeCXXCompilerId.cpp" succeeded.
Compiler: /usr/bin/c++ 
Build flags: 
Id flags: 

The output was:
0


Compilation of the CXX compiler identification source "CMakeCXXCompilerId.cpp" produced "a.out"

The CXX compiler identification is Clang, found in "/Users/A40154/works/socket.io-cpp/build/CMakeFiles/2.8.12.2/CompilerIdCXX/a.out"

Determining if the C compiler works passed with the following output:
Change Dir: /Users/A40154/works/socket.io-cpp/build/CMakeFiles/CMakeTmp

Run Build Command:/usr/bin/make "cmTryCompileExec2811889597/fast"
/usr/bin/make -f CMakeFiles/cmTryCompileExec2811889597.dir/build.make CMakeFiles/cmTryCompileExec2811889597.dir/build
/usr/local/Cellar/cmake/2.8.12.2/bin/cmake -E cmake_progress_report /Users/A40154/works/socket.io-cpp/build/CMakeFiles/CMakeTmp/CMakeFiles 1
Building C object CMakeFiles/cmTryCompileExec2811889597.dir/testCCompiler.c.o
/usr/bin/cc    -o CMakeFiles/cmTryCompileExec2811889597.dir/testCCompiler.c.o   -c /Users/A40154/works/socket.io-cpp/build/CMakeFiles/CMakeTmp/testCCompiler.c
Linking C executable cmTryCompileExec2811889597
/usr/local/Cellar/cmake/2.8.12.2/bin/cmake -E cmake_link_script CMakeFiles/cmTryCompileExec2811889597.dir/link.txt --verbose=1
/usr/bin/cc    -Wl,-search_paths_first -Wl,-headerpad_max_install_names   CMakeFiles/cmTryCompileExec2811889597.dir/testCCompiler.c.o  -o cmTryCompileExec2811889597  


Detecting C compiler ABI info compiled with the following output:
Change Dir: /Users/A40154/works/socket.io-cpp/build/CMakeFiles/CMakeTmp

Run Build Command:/usr/bin/make "cmTryCompileExec546456028/fast"
/usr/bin/make -f CMakeFiles/cmTryCompileExec546456028.dir/build.make CMakeFiles/cmTryCompileExec546456028.dir/build
/usr/local/Cellar/cmake/2.8.12.2/bin/cmake -E cmake_progress_report /Users/A40154/works/socket.io-cpp/build/CMakeFiles/CMakeTmp/CMakeFiles 1
Building C object CMakeFiles/cmTryCompileExec546456028.dir/CMakeCCompilerABI.c.o
/usr/bin/cc    -o CMakeFiles/cmTryCompileExec546456028.dir/CMakeCCompilerABI.c.o   -c /usr/local/Cellar/cmake/2.8.12.2/share/cmake/Modules/CMakeCCompilerABI.c
Linking C executable cmTryCompileExec546456028
/usr/local/Cellar/cmake/2.8.12.2/bin/cmake -E cmake_link_script CMakeFiles/cmTryCompileExec546456028.dir/link.txt --verbose=1
/usr/bin/cc    -Wl,-search_paths_first -Wl,-headerpad_max_install_names -v -Wl,-v CMakeFiles/cmTryCompileExec546456028.dir/CMakeCCompilerABI.c.o  -o cmTryCompileExec546456028   
Apple LLVM version 5.0 (clang-500.2.75) (based on LLVM 3.3svn)
Target: x86_64-apple-darwin12.5.0
Thread model: posix
 "/usr/bin/ld" -demangle -dynamic -arch x86_64 -macosx_version_min 10.8.0 -o cmTryCompileExec546456028 -search_paths_first -headerpad_max_install_names -v CMakeFiles/cmTryCompileExec546456028.dir/CMakeCCompilerABI.c.o -lSystem /usr/bin/../lib/clang/5.0/lib/darwin/libclang_rt.osx.a
@(#)PROGRAM:ld  PROJECT:ld64-224.1
configured to support archs: armv6 armv7 armv7s arm64 i386 x86_64 armv6m armv7m armv7em
Library search paths:
	/usr/lib
	/usr/local/lib
Framework search paths:
	/Library/Frameworks/
	/System/Library/Frameworks/


Parsed C implicit link information from above output:
  link line regex: [^( *|.*[/\])(ld|([^/\]+-)?ld|collect2)[^/\]*( |$)]
  ignore line: [Change Dir: /Users/A40154/works/socket.io-cpp/build/CMakeFiles/CMakeTmp]
  ignore line: []
  ignore line: [Run Build Command:/usr/bin/make "cmTryCompileExec546456028/fast"]
  ignore line: [/usr/bin/make -f CMakeFiles/cmTryCompileExec546456028.dir/build.make CMakeFiles/cmTryCompileExec546456028.dir/build]
  ignore line: [/usr/local/Cellar/cmake/2.8.12.2/bin/cmake -E cmake_progress_report /Users/A40154/works/socket.io-cpp/build/CMakeFiles/CMakeTmp/CMakeFiles 1]
  ignore line: [Building C object CMakeFiles/cmTryCompileExec546456028.dir/CMakeCCompilerABI.c.o]
  ignore line: [/usr/bin/cc    -o CMakeFiles/cmTryCompileExec546456028.dir/CMakeCCompilerABI.c.o   -c /usr/local/Cellar/cmake/2.8.12.2/share/cmake/Modules/CMakeCCompilerABI.c]
  ignore line: [Linking C executable cmTryCompileExec546456028]
  ignore line: [/usr/local/Cellar/cmake/2.8.12.2/bin/cmake -E cmake_link_script CMakeFiles/cmTryCompileExec546456028.dir/link.txt --verbose=1]
  ignore line: [/usr/bin/cc    -Wl,-search_paths_first -Wl,-headerpad_max_install_names -v -Wl,-v CMakeFiles/cmTryCompileExec546456028.dir/CMakeCCompilerABI.c.o  -o cmTryCompileExec546456028   ]
  ignore line: [Apple LLVM version 5.0 (clang-500.2.75) (based on LLVM 3.3svn)]
  ignore line: [Target: x86_64-apple-darwin12.5.0]
  ignore line: [Thread model: posix]
  link line: [ "/usr/bin/ld" -demangle -dynamic -arch x86_64 -macosx_version_min 10.8.0 -o cmTryCompileExec546456028 -search_paths_first -headerpad_max_install_names -v CMakeFiles/cmTryCompileExec546456028.dir/CMakeCCompilerABI.c.o -lSystem /usr/bin/../lib/clang/5.0/lib/darwin/libclang_rt.osx.a]
    arg [/usr/bin/ld] ==> ignore
    arg [-demangle] ==> ignore
    arg [-dynamic] ==> ignore
    arg [-arch] ==> ignore
    arg [x86_64] ==> ignore
    arg [-macosx_version_min] ==> ignore
    arg [10.8.0] ==> ignore
    arg [-o] ==> ignore
    arg [cmTryCompileExec546456028] ==> ignore
    arg [-search_paths_first] ==> ignore
    arg [-headerpad_max_install_names] ==> ignore
    arg [-v] ==> ignore
    arg [CMakeFiles/cmTryCompileExec546456028.dir/CMakeCCompilerABI.c.o] ==> ignore
    arg [-lSystem] ==> lib [System]
    arg [/usr/bin/../lib/clang/5.0/lib/darwin/libclang_rt.osx.a] ==> lib [/usr/bin/../lib/clang/5.0/lib/darwin/libclang_rt.osx.a]
  Library search paths: [;/usr/lib;/usr/local/lib]
  Framework search paths: [;/Library/Frameworks/;/System/Library/Frameworks/]
  remove lib [System]
  collapse lib [/usr/bin/../lib/clang/5.0/lib/darwin/libclang_rt.osx.a] ==> [/usr/lib/clang/5.0/lib/darwin/libclang_rt.osx.a]
  collapse library dir [/usr/lib] ==> [/usr/lib]
  collapse library dir [/usr/local/lib] ==> [/usr/local/lib]
  collapse framework dir [/Library/Frameworks/] ==> [/Library/Frameworks]
  collapse framework dir [/System/Library/Frameworks/] ==> [/System/Library/Frameworks]
  implicit libs: [/usr/lib/clang/5.0/lib/darwin/libclang_rt.osx.a]
  implicit dirs: [/usr/lib;/usr/local/lib]
  implicit fwks: [/Library/Frameworks;/System/Library/Frameworks]


Determining if the CXX compiler works passed with the following output:
Change Dir: /Users/A40154/works/socket.io-cpp/build/CMakeFiles/CMakeTmp

Run Build Command:/usr/bin/make "cmTryCompileExec1060302186/fast"
/usr/bin/make -f CMakeFiles/cmTryCompileExec1060302186.dir/build.make CMakeFiles/cmTryCompileExec1060302186.dir/build
/usr/local/Cellar/cmake/2.8.12.2/bin/cmake -E cmake_progress_report /Users/A40154/works/socket.io-cpp/build/CMakeFiles/CMakeTmp/CMakeFiles 1
Building CXX object CMakeFiles/cmTryCompileExec1060302186.dir/testCXXCompiler.cxx.o
/usr/bin/c++     -o CMakeFiles/cmTryCompileExec1060302186.dir/testCXXCompiler.cxx.o -c /Users/A40154/works/socket.io-cpp/build/CMakeFiles/CMakeTmp/testCXXCompiler.cxx
Linking CXX executable cmTryCompileExec1060302186
/usr/local/Cellar/cmake/2.8.12.2/bin/cmake -E cmake_link_script CMakeFiles/cmTryCompileExec1060302186.dir/link.txt --verbose=1
/usr/bin/c++     -Wl,-search_paths_first -Wl,-headerpad_max_install_names   CMakeFiles/cmTryCompileExec1060302186.dir/testCXXCompiler.cxx.o  -o cmTryCompileExec1060302186  


Detecting CXX compiler ABI info compiled with the following output:
Change Dir: /Users/A40154/works/socket.io-cpp/build/CMakeFiles/CMakeTmp

Run Build Command:/usr/bin/make "cmTryCompileExec2219612457/fast"
/usr/bin/make -f CMakeFiles/cmTryCompileExec2219612457.dir/build.make CMakeFiles/cmTryCompileExec2219612457.dir/build
/usr/local/Cellar/cmake/2.8.12.2/bin/cmake -E cmake_progress_report /Users/A40154/works/socket.io-cpp/build/CMakeFiles/CMakeTmp/CMakeFiles 1
Building CXX object CMakeFiles/cmTryCompileExec2219612457.dir/CMakeCXXCompilerABI.cpp.o
/usr/bin/c++     -o CMakeFiles/cmTryCompileExec2219612457.dir/CMakeCXXCompilerABI.cpp.o -c /usr/local/Cellar/cmake/2.8.12.2/share/cmake/Modules/CMakeCXXCompilerABI.cpp
Linking CXX executable cmTryCompileExec2219612457
/usr/local/Cellar/cmake/2.8.12.2/bin/cmake -E cmake_link_script CMakeFiles/cmTryCompileExec2219612457.dir/link.txt --verbose=1
/usr/bin/c++     -Wl,-search_paths_first -Wl,-headerpad_max_install_names -v -Wl,-v CMakeFiles/cmTryCompileExec2219612457.dir/CMakeCXXCompilerABI.cpp.o  -o cmTryCompileExec2219612457   
Apple LLVM version 5.0 (clang-500.2.75) (based on LLVM 3.3svn)
Target: x86_64-apple-darwin12.5.0
Thread model: posix
 "/usr/bin/ld" -demangle -dynamic -arch x86_64 -macosx_version_min 10.8.0 -o cmTryCompileExec2219612457 -search_paths_first -headerpad_max_install_names -v CMakeFiles/cmTryCompileExec2219612457.dir/CMakeCXXCompilerABI.cpp.o -lstdc++ -lSystem /usr/bin/../lib/clang/5.0/lib/darwin/libclang_rt.osx.a
@(#)PROGRAM:ld  PROJECT:ld64-224.1
configured to support archs: armv6 armv7 armv7s arm64 i386 x86_64 armv6m armv7m armv7em
Library search paths:
	/usr/lib
	/usr/local/lib
Framework search paths:
	/Library/Frameworks/
	/System/Library/Frameworks/


Parsed CXX implicit link information from above output:
  link line regex: [^( *|.*[/\])(ld|([^/\]+-)?ld|collect2)[^/\]*( |$)]
  ignore line: [Change Dir: /Users/A40154/works/socket.io-cpp/build/CMakeFiles/CMakeTmp]
  ignore line: []
  ignore line: [Run Build Command:/usr/bin/make "cmTryCompileExec2219612457/fast"]
  ignore line: [/usr/bin/make -f CMakeFiles/cmTryCompileExec2219612457.dir/build.make CMakeFiles/cmTryCompileExec2219612457.dir/build]
  ignore line: [/usr/local/Cellar/cmake/2.8.12.2/bin/cmake -E cmake_progress_report /Users/A40154/works/socket.io-cpp/build/CMakeFiles/CMakeTmp/CMakeFiles 1]
  ignore line: [Building CXX object CMakeFiles/cmTryCompileExec2219612457.dir/CMakeCXXCompilerABI.cpp.o]
  ignore line: [/usr/bin/c++     -o CMakeFiles/cmTryCompileExec2219612457.dir/CMakeCXXCompilerABI.cpp.o -c /usr/local/Cellar/cmake/2.8.12.2/share/cmake/Modules/CMakeCXXCompilerABI.cpp]
  ignore line: [Linking CXX executable cmTryCompileExec2219612457]
  ignore line: [/usr/local/Cellar/cmake/2.8.12.2/bin/cmake -E cmake_link_script CMakeFiles/cmTryCompileExec2219612457.dir/link.txt --verbose=1]
  ignore line: [/usr/bin/c++     -Wl,-search_paths_first -Wl,-headerpad_max_install_names -v -Wl,-v CMakeFiles/cmTryCompileExec2219612457.dir/CMakeCXXCompilerABI.cpp.o  -o cmTryCompileExec2219612457   ]
  ignore line: [Apple LLVM version 5.0 (clang-500.2.75) (based on LLVM 3.3svn)]
  ignore line: [Target: x86_64-apple-darwin12.5.0]
  ignore line: [Thread model: posix]
  link line: [ "/usr/bin/ld" -demangle -dynamic -arch x86_64 -macosx_version_min 10.8.0 -o cmTryCompileExec2219612457 -search_paths_first -headerpad_max_install_names -v CMakeFiles/cmTryCompileExec2219612457.dir/CMakeCXXCompilerABI.cpp.o -lstdc++ -lSystem /usr/bin/../lib/clang/5.0/lib/darwin/libclang_rt.osx.a]
    arg [/usr/bin/ld] ==> ignore
    arg [-demangle] ==> ignore
    arg [-dynamic] ==> ignore
    arg [-arch] ==> ignore
    arg [x86_64] ==> ignore
    arg [-macosx_version_min] ==> ignore
    arg [10.8.0] ==> ignore
    arg [-o] ==> ignore
    arg [cmTryCompileExec2219612457] ==> ignore
    arg [-search_paths_first] ==> ignore
    arg [-headerpad_max_install_names] ==> ignore
    arg [-v] ==> ignore
    arg [CMakeFiles/cmTryCompileExec2219612457.dir/CMakeCXXCompilerABI.cpp.o] ==> ignore
    arg [-lstdc++] ==> lib [stdc++]
    arg [-lSystem] ==> lib [System]
    arg [/usr/bin/../lib/clang/5.0/lib/darwin/libclang_rt.osx.a] ==> lib [/usr/bin/../lib/clang/5.0/lib/darwin/libclang_rt.osx.a]
  Library search paths: [;/usr/lib;/usr/local/lib]
  Framework search paths: [;/Library/Frameworks/;/System/Library/Frameworks/]
  remove lib [System]
  collapse lib [/usr/bin/../lib/clang/5.0/lib/darwin/libclang_rt.osx.a] ==> [/usr/lib/clang/5.0/lib/darwin/libclang_rt.osx.a]
  collapse library dir [/usr/lib] ==> [/usr/lib]
  collapse library dir [/usr/local/lib] ==> [/usr/local/lib]
  collapse framework dir [/Library/Frameworks/] ==> [/Library/Frameworks]
  collapse framework dir [/System/Library/Frameworks/] ==> [/System/Library/Frameworks]
  implicit libs: [stdc++;/usr/lib/clang/5.0/lib/darwin/libclang_rt.osx.a]
  implicit dirs: [/usr/lib;/usr/local/lib]
  implicit fwks: [/Library/Frameworks;/System/Library/Frameworks]


Determining if the function bzero exists passed with the following output:
Change Dir: /Users/A40154/works/socket.io-cpp/build/CMakeFiles/CMakeTmp

Run Build Command:/usr/bin/make "cmTryCompileExec1022766522/fast"
/usr/bin/make -f CMakeFiles/cmTryCompileExec1022766522.dir/build.make CMakeFiles/cmTryCompileExec1022766522.dir/build
/usr/local/Cellar/cmake/2.8.12.2/bin/cmake -E cmake_progress_report /Users/A40154/works/socket.io-cpp/build/CMakeFiles/CMakeTmp/CMakeFiles 1
Building C object CMakeFiles/cmTryCompileExec1022766522.dir/CheckFunctionExists.c.o
/usr/bin/cc  -DKEYWORD=__inline -DCHECK_FUNCTION_EXISTS=bzero   -o CMakeFiles/cmTryCompileExec1022766522.dir/CheckFunctionExists.c.o   -c /usr/local/Cellar/cmake/2.8.12.2/share/cmake/Modules/CheckFunctionExists.c
/usr/local/Cellar/cmake/2.8.12.2/share/cmake/Modules/CheckFunctionExists.c:3:6: warning: incompatible redeclaration of library function 'bzero' [-Wincompatible-library-redeclaration]
char CHECK_FUNCTION_EXISTS();
     ^
<command line>:2:31: note: expanded from here
#define CHECK_FUNCTION_EXISTS bzero
                              ^
/usr/local/Cellar/cmake/2.8.12.2/share/cmake/Modules/CheckFunctionExists.c:3:6: note: 'bzero' is a builtin with type 'void (void *, unsigned long)'
<command line>:2:31: note: expanded from here
#define CHECK_FUNCTION_EXISTS bzero
                              ^
1 warning generated.
Linking C executable cmTryCompileExec1022766522
/usr/local/Cellar/cmake/2.8.12.2/bin/cmake -E cmake_link_script CMakeFiles/cmTryCompileExec1022766522.dir/link.txt --verbose=1
/usr/bin/cc   -DCHECK_FUNCTION_EXISTS=bzero -Wl,-search_paths_first -Wl,-headerpad_max_install_names   CMakeFiles/cmTryCompileExec1022766522.dir/CheckFunctionExists.c.o  -o cmTryCompileExec1022766522  


Determining if the function fork exists passed with the following output:
Change Dir: /Users/A40154/works/socket.io-cpp/build/CMakeFiles/CMakeTmp

Run Build Command:/usr/bin/make "cmTryCompileExec1900219426/fast"
/usr/bin/make -f CMakeFiles/cmTryCompileExec1900219426.dir/build.make CMakeFiles/cmTryCompileExec1900219426.dir/build
/usr/local/Cellar/cmake/2.8.12.2/bin/cmake -E cmake_progress_report /Users/A40154/works/socket.io-cpp/build/CMakeFiles/CMakeTmp/CMakeFiles 1
Building C object CMakeFiles/cmTryCompileExec1900219426.dir/CheckFunctionExists.c.o
/usr/bin/cc  -DKEYWORD=__inline -DCHECK_FUNCTION_EXISTS=fork   -o CMakeFiles/cmTryCompileExec1900219426.dir/CheckFunctionExists.c.o   -c /usr/local/Cellar/cmake/2.8.12.2/share/cmake/Modules/CheckFunctionExists.c
Linking C executable cmTryCompileExec1900219426
/usr/local/Cellar/cmake/2.8.12.2/bin/cmake -E cmake_link_script CMakeFiles/cmTryCompileExec1900219426.dir/link.txt --verbose=1
/usr/bin/cc   -DCHECK_FUNCTION_EXISTS=fork -Wl,-search_paths_first -Wl,-headerpad_max_install_names   CMakeFiles/cmTryCompileExec1900219426.dir/CheckFunctionExists.c.o  -o cmTryCompileExec1900219426  


Determining if the function getenv exists passed with the following output:
Change Dir: /Users/A40154/works/socket.io-cpp/build/CMakeFiles/CMakeTmp

Run Build Command:/usr/bin/make "cmTryCompileExec2931623908/fast"
/usr/bin/make -f CMakeFiles/cmTryCompileExec2931623908.dir/build.make CMakeFiles/cmTryCompileExec2931623908.dir/build
/usr/local/Cellar/cmake/2.8.12.2/bin/cmake -E cmake_progress_report /Users/A40154/works/socket.io-cpp/build/CMakeFiles/CMakeTmp/CMakeFiles 1
Building C object CMakeFiles/cmTryCompileExec2931623908.dir/CheckFunctionExists.c.o
/usr/bin/cc  -DKEYWORD=__inline -DCHECK_FUNCTION_EXISTS=getenv   -o CMakeFiles/cmTryCompileExec2931623908.dir/CheckFunctionExists.c.o   -c /usr/local/Cellar/cmake/2.8.12.2/share/cmake/Modules/CheckFunctionExists.c
Linking C executable cmTryCompileExec2931623908
/usr/local/Cellar/cmake/2.8.12.2/bin/cmake -E cmake_link_script CMakeFiles/cmTryCompileExec2931623908.dir/link.txt --verbose=1
/usr/bin/cc   -DCHECK_FUNCTION_EXISTS=getenv -Wl,-search_paths_first -Wl,-headerpad_max_install_names   CMakeFiles/cmTryCompileExec2931623908.dir/CheckFunctionExists.c.o  -o cmTryCompileExec2931623908  


Determining if the function malloc exists passed with the following output:
Change Dir: /Users/A40154/works/socket.io-cpp/build/CMakeFiles/CMakeTmp

Run Build Command:/usr/bin/make "cmTryCompileExec1203224828/fast"
/usr/bin/make -f CMakeFiles/cmTryCompileExec1203224828.dir/build.make CMakeFiles/cmTryCompileExec1203224828.dir/build
/usr/local/Cellar/cmake/2.8.12.2/bin/cmake -E cmake_progress_report /Users/A40154/works/socket.io-cpp/build/CMakeFiles/CMakeTmp/CMakeFiles 1
Building C object CMakeFiles/cmTryCompileExec1203224828.dir/CheckFunctionExists.c.o
/usr/bin/cc  -DKEYWORD=__inline -DCHECK_FUNCTION_EXISTS=malloc   -o CMakeFiles/cmTryCompileExec1203224828.dir/CheckFunctionExists.c.o   -c /usr/local/Cellar/cmake/2.8.12.2/share/cmake/Modules/CheckFunctionExists.c
/usr/local/Cellar/cmake/2.8.12.2/share/cmake/Modules/CheckFunctionExists.c:3:6: warning: incompatible redeclaration of library function 'malloc' [-Wincompatible-library-redeclaration]
char CHECK_FUNCTION_EXISTS();
     ^
<command line>:2:31: note: expanded from here
#define CHECK_FUNCTION_EXISTS malloc
                              ^
/usr/local/Cellar/cmake/2.8.12.2/share/cmake/Modules/CheckFunctionExists.c:3:6: note: 'malloc' is a builtin with type 'void *(unsigned long)'
<command line>:2:31: note: expanded from here
#define CHECK_FUNCTION_EXISTS malloc
                              ^
1 warning generated.
Linking C executable cmTryCompileExec1203224828
/usr/local/Cellar/cmake/2.8.12.2/bin/cmake -E cmake_link_script CMakeFiles/cmTryCompileExec1203224828.dir/link.txt --verbose=1
/usr/bin/cc   -DCHECK_FUNCTION_EXISTS=malloc -Wl,-search_paths_first -Wl,-headerpad_max_install_names   CMakeFiles/cmTryCompileExec1203224828.dir/CheckFunctionExists.c.o  -o cmTryCompileExec1203224828  


Determining if the function memset exists passed with the following output:
Change Dir: /Users/A40154/works/socket.io-cpp/build/CMakeFiles/CMakeTmp

Run Build Command:/usr/bin/make "cmTryCompileExec2121012387/fast"
/usr/bin/make -f CMakeFiles/cmTryCompileExec2121012387.dir/build.make CMakeFiles/cmTryCompileExec2121012387.dir/build
/usr/local/Cellar/cmake/2.8.12.2/bin/cmake -E cmake_progress_report /Users/A40154/works/socket.io-cpp/build/CMakeFiles/CMakeTmp/CMakeFiles 1
Building C object CMakeFiles/cmTryCompileExec2121012387.dir/CheckFunctionExists.c.o
/usr/bin/cc  -DKEYWORD=__inline -DCHECK_FUNCTION_EXISTS=memset   -o CMakeFiles/cmTryCompileExec2121012387.dir/CheckFunctionExists.c.o   -c /usr/local/Cellar/cmake/2.8.12.2/share/cmake/Modules/CheckFunctionExists.c
/usr/local/Cellar/cmake/2.8.12.2/share/cmake/Modules/CheckFunctionExists.c:3:6: warning: incompatible redeclaration of library function 'memset' [-Wincompatible-library-redeclaration]
char CHECK_FUNCTION_EXISTS();
     ^
<command line>:2:31: note: expanded from here
#define CHECK_FUNCTION_EXISTS memset
                              ^
/usr/local/Cellar/cmake/2.8.12.2/share/cmake/Modules/CheckFunctionExists.c:3:6: note: 'memset' is a builtin with type 'void *(void *, int, unsigned long)'
<command line>:2:31: note: expanded from here
#define CHECK_FUNCTION_EXISTS memset
                              ^
1 warning generated.
Linking C executable cmTryCompileExec2121012387
/usr/local/Cellar/cmake/2.8.12.2/bin/cmake -E cmake_link_script CMakeFiles/cmTryCompileExec2121012387.dir/link.txt --verbose=1
/usr/bin/cc   -DCHECK_FUNCTION_EXISTS=memset -Wl,-search_paths_first -Wl,-headerpad_max_install_names   CMakeFiles/cmTryCompileExec2121012387.dir/CheckFunctionExists.c.o  -o cmTryCompileExec2121012387  


Determining if the function realloc exists passed with the following output:
Change Dir: /Users/A40154/works/socket.io-cpp/build/CMakeFiles/CMakeTmp

Run Build Command:/usr/bin/make "cmTryCompileExec618886210/fast"
/usr/bin/make -f CMakeFiles/cmTryCompileExec618886210.dir/build.make CMakeFiles/cmTryCompileExec618886210.dir/build
/usr/local/Cellar/cmake/2.8.12.2/bin/cmake -E cmake_progress_report /Users/A40154/works/socket.io-cpp/build/CMakeFiles/CMakeTmp/CMakeFiles 1
Building C object CMakeFiles/cmTryCompileExec618886210.dir/CheckFunctionExists.c.o
/usr/bin/cc  -DKEYWORD=__inline -DCHECK_FUNCTION_EXISTS=realloc   -o CMakeFiles/cmTryCompileExec618886210.dir/CheckFunctionExists.c.o   -c /usr/local/Cellar/cmake/2.8.12.2/share/cmake/Modules/CheckFunctionExists.c
/usr/local/Cellar/cmake/2.8.12.2/share/cmake/Modules/CheckFunctionExists.c:3:6: warning: incompatible redeclaration of library function 'realloc' [-Wincompatible-library-redeclaration]
char CHECK_FUNCTION_EXISTS();
     ^
<command line>:2:31: note: expanded from here
#define CHECK_FUNCTION_EXISTS realloc
                              ^
/usr/local/Cellar/cmake/2.8.12.2/share/cmake/Modules/CheckFunctionExists.c:3:6: note: 'realloc' is a builtin with type 'void *(void *, unsigned long)'
<command line>:2:31: note: expanded from here
#define CHECK_FUNCTION_EXISTS realloc
                              ^
1 warning generated.
Linking C executable cmTryCompileExec618886210
/usr/local/Cellar/cmake/2.8.12.2/bin/cmake -E cmake_link_script CMakeFiles/cmTryCompileExec618886210.dir/link.txt --verbose=1
/usr/bin/cc   -DCHECK_FUNCTION_EXISTS=realloc -Wl,-search_paths_first -Wl,-headerpad_max_install_names   CMakeFiles/cmTryCompileExec618886210.dir/CheckFunctionExists.c.o  -o cmTryCompileExec618886210  


Determining if the function socket exists passed with the following output:
Change Dir: /Users/A40154/works/socket.io-cpp/build/CMakeFiles/CMakeTmp

Run Build Command:/usr/bin/make "cmTryCompileExec572249285/fast"
/usr/bin/make -f CMakeFiles/cmTryCompileExec572249285.dir/build.make CMakeFiles/cmTryCompileExec572249285.dir/build
/usr/local/Cellar/cmake/2.8.12.2/bin/cmake -E cmake_progress_report /Users/A40154/works/socket.io-cpp/build/CMakeFiles/CMakeTmp/CMakeFiles 1
Building C object CMakeFiles/cmTryCompileExec572249285.dir/CheckFunctionExists.c.o
/usr/bin/cc  -DKEYWORD=__inline -DCHECK_FUNCTION_EXISTS=socket   -o CMakeFiles/cmTryCompileExec572249285.dir/CheckFunctionExists.c.o   -c /usr/local/Cellar/cmake/2.8.12.2/share/cmake/Modules/CheckFunctionExists.c
Linking C executable cmTryCompileExec572249285
/usr/local/Cellar/cmake/2.8.12.2/bin/cmake -E cmake_link_script CMakeFiles/cmTryCompileExec572249285.dir/link.txt --verbose=1
/usr/bin/cc   -DCHECK_FUNCTION_EXISTS=socket -Wl,-search_paths_first -Wl,-headerpad_max_install_names   CMakeFiles/cmTryCompileExec572249285.dir/CheckFunctionExists.c.o  -o cmTryCompileExec572249285  


Determining if the function strerror exists passed with the following output:
Change Dir: /Users/A40154/works/socket.io-cpp/build/CMakeFiles/CMakeTmp

Run Build Command:/usr/bin/make "cmTryCompileExec223905333/fast"
/usr/bin/make -f CMakeFiles/cmTryCompileExec223905333.dir/build.make CMakeFiles/cmTryCompileExec223905333.dir/build
/usr/local/Cellar/cmake/2.8.12.2/bin/cmake -E cmake_progress_report /Users/A40154/works/socket.io-cpp/build/CMakeFiles/CMakeTmp/CMakeFiles 1
Building C object CMakeFiles/cmTryCompileExec223905333.dir/CheckFunctionExists.c.o
/usr/bin/cc  -DKEYWORD=__inline -DCHECK_FUNCTION_EXISTS=strerror   -o CMakeFiles/cmTryCompileExec223905333.dir/CheckFunctionExists.c.o   -c /usr/local/Cellar/cmake/2.8.12.2/share/cmake/Modules/CheckFunctionExists.c
/usr/local/Cellar/cmake/2.8.12.2/share/cmake/Modules/CheckFunctionExists.c:3:6: warning: incompatible redeclaration of library function 'strerror' [-Wincompatible-library-redeclaration]
char CHECK_FUNCTION_EXISTS();
     ^
<command line>:2:31: note: expanded from here
#define CHECK_FUNCTION_EXISTS strerror
                              ^
/usr/local/Cellar/cmake/2.8.12.2/share/cmake/Modules/CheckFunctionExists.c:3:6: note: 'strerror' is a builtin with type 'char *(int)'
<command line>:2:31: note: expanded from here
#define CHECK_FUNCTION_EXISTS strerror
                              ^
1 warning generated.
Linking C executable cmTryCompileExec223905333
/usr/local/Cellar/cmake/2.8.12.2/bin/cmake -E cmake_link_script CMakeFiles/cmTryCompileExec223905333.dir/link.txt --verbose=1
/usr/bin/cc   -DCHECK_FUNCTION_EXISTS=strerror -Wl,-search_paths_first -Wl,-headerpad_max_install_names   CMakeFiles/cmTryCompileExec223905333.dir/CheckFunctionExists.c.o  -o cmTryCompileExec223905333  


Determining if the function vfork exists passed with the following output:
Change Dir: /Users/A40154/works/socket.io-cpp/build/CMakeFiles/CMakeTmp

Run Build Command:/usr/bin/make "cmTryCompileExec1400265754/fast"
/usr/bin/make -f CMakeFiles/cmTryCompileExec1400265754.dir/build.make CMakeFiles/cmTryCompileExec1400265754.dir/build
/usr/local/Cellar/cmake/2.8.12.2/bin/cmake -E cmake_progress_report /Users/A40154/works/socket.io-cpp/build/CMakeFiles/CMakeTmp/CMakeFiles 1
Building C object CMakeFiles/cmTryCompileExec1400265754.dir/CheckFunctionExists.c.o
/usr/bin/cc  -DKEYWORD=__inline -DCHECK_FUNCTION_EXISTS=vfork   -o CMakeFiles/cmTryCompileExec1400265754.dir/CheckFunctionExists.c.o   -c /usr/local/Cellar/cmake/2.8.12.2/share/cmake/Modules/CheckFunctionExists.c
/usr/local/Cellar/cmake/2.8.12.2/share/cmake/Modules/CheckFunctionExists.c:3:6: warning: incompatible redeclaration of library function 'vfork' [-Wincompatible-library-redeclaration]
char CHECK_FUNCTION_EXISTS();
     ^
<command line>:2:31: note: expanded from here
#define CHECK_FUNCTION_EXISTS vfork
                              ^
/usr/local/Cellar/cmake/2.8.12.2/share/cmake/Modules/CheckFunctionExists.c:3:6: note: 'vfork' is a builtin with type 'int (void)'
<command line>:2:31: note: expanded from here
#define CHECK_FUNCTION_EXISTS vfork
                              ^
1 warning generated.
Linking C executable cmTryCompileExec1400265754
/usr/local/Cellar/cmake/2.8.12.2/bin/cmake -E cmake_link_script CMakeFiles/cmTryCompileExec1400265754.dir/link.txt --verbose=1
/usr/bin/cc   -DCHECK_FUNCTION_EXISTS=vfork -Wl,-search_paths_first -Wl,-headerpad_max_install_names   CMakeFiles/cmTryCompileExec1400265754.dir/CheckFunctionExists.c.o  -o cmTryCompileExec1400265754  


Determining if the function getifaddrs exists passed with the following output:
Change Dir: /Users/A40154/works/socket.io-cpp/build/CMakeFiles/CMakeTmp

Run Build Command:/usr/bin/make "cmTryCompileExec2942877977/fast"
/usr/bin/make -f CMakeFiles/cmTryCompileExec2942877977.dir/build.make CMakeFiles/cmTryCompileExec2942877977.dir/build
/usr/local/Cellar/cmake/2.8.12.2/bin/cmake -E cmake_progress_report /Users/A40154/works/socket.io-cpp/build/CMakeFiles/CMakeTmp/CMakeFiles 1
Building C object CMakeFiles/cmTryCompileExec2942877977.dir/CheckFunctionExists.c.o
/usr/bin/cc  -DKEYWORD=__inline -DCHECK_FUNCTION_EXISTS=getifaddrs   -o CMakeFiles/cmTryCompileExec2942877977.dir/CheckFunctionExists.c.o   -c /usr/local/Cellar/cmake/2.8.12.2/share/cmake/Modules/CheckFunctionExists.c
Linking C executable cmTryCompileExec2942877977
/usr/local/Cellar/cmake/2.8.12.2/bin/cmake -E cmake_link_script CMakeFiles/cmTryCompileExec2942877977.dir/link.txt --verbose=1
/usr/bin/cc   -DCHECK_FUNCTION_EXISTS=getifaddrs -Wl,-search_paths_first -Wl,-headerpad_max_install_names   CMakeFiles/cmTryCompileExec2942877977.dir/CheckFunctionExists.c.o  -o cmTryCompileExec2942877977  


Determining if the include file dlfcn.h exists passed with the following output:
Change Dir: /Users/A40154/works/socket.io-cpp/build/CMakeFiles/CMakeTmp

Run Build Command:/usr/bin/make "cmTryCompileExec601499041/fast"
/usr/bin/make -f CMakeFiles/cmTryCompileExec601499041.dir/build.make CMakeFiles/cmTryCompileExec601499041.dir/build
/usr/local/Cellar/cmake/2.8.12.2/bin/cmake -E cmake_progress_report /Users/A40154/works/socket.io-cpp/build/CMakeFiles/CMakeTmp/CMakeFiles 1
Building C object CMakeFiles/cmTryCompileExec601499041.dir/CheckIncludeFile.c.o
/usr/bin/cc  -DKEYWORD=__inline  -o CMakeFiles/cmTryCompileExec601499041.dir/CheckIncludeFile.c.o   -c /Users/A40154/works/socket.io-cpp/build/CMakeFiles/CMakeTmp/CheckIncludeFile.c
Linking C executable cmTryCompileExec601499041
/usr/local/Cellar/cmake/2.8.12.2/bin/cmake -E cmake_link_script CMakeFiles/cmTryCompileExec601499041.dir/link.txt --verbose=1
/usr/bin/cc    -Wl,-search_paths_first -Wl,-headerpad_max_install_names   CMakeFiles/cmTryCompileExec601499041.dir/CheckIncludeFile.c.o  -o cmTryCompileExec601499041  


Determining if the include file fcntl.h exists passed with the following output:
Change Dir: /Users/A40154/works/socket.io-cpp/build/CMakeFiles/CMakeTmp

Run Build Command:/usr/bin/make "cmTryCompileExec3752873196/fast"
/usr/bin/make -f CMakeFiles/cmTryCompileExec3752873196.dir/build.make CMakeFiles/cmTryCompileExec3752873196.dir/build
/usr/local/Cellar/cmake/2.8.12.2/bin/cmake -E cmake_progress_report /Users/A40154/works/socket.io-cpp/build/CMakeFiles/CMakeTmp/CMakeFiles 1
Building C object CMakeFiles/cmTryCompileExec3752873196.dir/CheckIncludeFile.c.o
/usr/bin/cc  -DKEYWORD=__inline  -o CMakeFiles/cmTryCompileExec3752873196.dir/CheckIncludeFile.c.o   -c /Users/A40154/works/socket.io-cpp/build/CMakeFiles/CMakeTmp/CheckIncludeFile.c
Linking C executable cmTryCompileExec3752873196
/usr/local/Cellar/cmake/2.8.12.2/bin/cmake -E cmake_link_script CMakeFiles/cmTryCompileExec3752873196.dir/link.txt --verbose=1
/usr/bin/cc    -Wl,-search_paths_first -Wl,-headerpad_max_install_names   CMakeFiles/cmTryCompileExec3752873196.dir/CheckIncludeFile.c.o  -o cmTryCompileExec3752873196  


Determining if the include file inttypes.h exists passed with the following output:
Change Dir: /Users/A40154/works/socket.io-cpp/build/CMakeFiles/CMakeTmp

Run Build Command:/usr/bin/make "cmTryCompileExec2974076153/fast"
/usr/bin/make -f CMakeFiles/cmTryCompileExec2974076153.dir/build.make CMakeFiles/cmTryCompileExec2974076153.dir/build
/usr/local/Cellar/cmake/2.8.12.2/bin/cmake -E cmake_progress_report /Users/A40154/works/socket.io-cpp/build/CMakeFiles/CMakeTmp/CMakeFiles 1
Building C object CMakeFiles/cmTryCompileExec2974076153.dir/CheckIncludeFile.c.o
/usr/bin/cc  -DKEYWORD=__inline  -o CMakeFiles/cmTryCompileExec2974076153.dir/CheckIncludeFile.c.o   -c /Users/A40154/works/socket.io-cpp/build/CMakeFiles/CMakeTmp/CheckIncludeFile.c
Linking C executable cmTryCompileExec2974076153
/usr/local/Cellar/cmake/2.8.12.2/bin/cmake -E cmake_link_script CMakeFiles/cmTryCompileExec2974076153.dir/link.txt --verbose=1
/usr/bin/cc    -Wl,-search_paths_first -Wl,-headerpad_max_install_names   CMakeFiles/cmTryCompileExec2974076153.dir/CheckIncludeFile.c.o  -o cmTryCompileExec2974076153  


Determining if the include file memory.h exists passed with the following output:
Change Dir: /Users/A40154/works/socket.io-cpp/build/CMakeFiles/CMakeTmp

Run Build Command:/usr/bin/make "cmTryCompileExec2108386782/fast"
/usr/bin/make -f CMakeFiles/cmTryCompileExec2108386782.dir/build.make CMakeFiles/cmTryCompileExec2108386782.dir/build
/usr/local/Cellar/cmake/2.8.12.2/bin/cmake -E cmake_progress_report /Users/A40154/works/socket.io-cpp/build/CMakeFiles/CMakeTmp/CMakeFiles 1
Building C object CMakeFiles/cmTryCompileExec2108386782.dir/CheckIncludeFile.c.o
/usr/bin/cc  -DKEYWORD=__inline  -o CMakeFiles/cmTryCompileExec2108386782.dir/CheckIncludeFile.c.o   -c /Users/A40154/works/socket.io-cpp/build/CMakeFiles/CMakeTmp/CheckIncludeFile.c
Linking C executable cmTryCompileExec2108386782
/usr/local/Cellar/cmake/2.8.12.2/bin/cmake -E cmake_link_script CMakeFiles/cmTryCompileExec2108386782.dir/link.txt --verbose=1
/usr/bin/cc    -Wl,-search_paths_first -Wl,-headerpad_max_install_names   CMakeFiles/cmTryCompileExec2108386782.dir/CheckIncludeFile.c.o  -o cmTryCompileExec2108386782  


Determining if the include file netinet/in.h exists passed with the following output:
Change Dir: /Users/A40154/works/socket.io-cpp/build/CMakeFiles/CMakeTmp

Run Build Command:/usr/bin/make "cmTryCompileExec3414333873/fast"
/usr/bin/make -f CMakeFiles/cmTryCompileExec3414333873.dir/build.make CMakeFiles/cmTryCompileExec3414333873.dir/build
/usr/local/Cellar/cmake/2.8.12.2/bin/cmake -E cmake_progress_report /Users/A40154/works/socket.io-cpp/build/CMakeFiles/CMakeTmp/CMakeFiles 1
Building C object CMakeFiles/cmTryCompileExec3414333873.dir/CheckIncludeFile.c.o
/usr/bin/cc  -DKEYWORD=__inline  -o CMakeFiles/cmTryCompileExec3414333873.dir/CheckIncludeFile.c.o   -c /Users/A40154/works/socket.io-cpp/build/CMakeFiles/CMakeTmp/CheckIncludeFile.c
Linking C executable cmTryCompileExec3414333873
/usr/local/Cellar/cmake/2.8.12.2/bin/cmake -E cmake_link_script CMakeFiles/cmTryCompileExec3414333873.dir/link.txt --verbose=1
/usr/bin/cc    -Wl,-search_paths_first -Wl,-headerpad_max_install_names   CMakeFiles/cmTryCompileExec3414333873.dir/CheckIncludeFile.c.o  -o cmTryCompileExec3414333873  


Determining if the include file stdint.h exists passed with the following output:
Change Dir: /Users/A40154/works/socket.io-cpp/build/CMakeFiles/CMakeTmp

Run Build Command:/usr/bin/make "cmTryCompileExec3951784690/fast"
/usr/bin/make -f CMakeFiles/cmTryCompileExec3951784690.dir/build.make CMakeFiles/cmTryCompileExec3951784690.dir/build
/usr/local/Cellar/cmake/2.8.12.2/bin/cmake -E cmake_progress_report /Users/A40154/works/socket.io-cpp/build/CMakeFiles/CMakeTmp/CMakeFiles 1
Building C object CMakeFiles/cmTryCompileExec3951784690.dir/CheckIncludeFile.c.o
/usr/bin/cc  -DKEYWORD=__inline  -o CMakeFiles/cmTryCompileExec3951784690.dir/CheckIncludeFile.c.o   -c /Users/A40154/works/socket.io-cpp/build/CMakeFiles/CMakeTmp/CheckIncludeFile.c
Linking C executable cmTryCompileExec3951784690
/usr/local/Cellar/cmake/2.8.12.2/bin/cmake -E cmake_link_script CMakeFiles/cmTryCompileExec3951784690.dir/link.txt --verbose=1
/usr/bin/cc    -Wl,-search_paths_first -Wl,-headerpad_max_install_names   CMakeFiles/cmTryCompileExec3951784690.dir/CheckIncludeFile.c.o  -o cmTryCompileExec3951784690  


Determining if the include file stdlib.h exists passed with the following output:
Change Dir: /Users/A40154/works/socket.io-cpp/build/CMakeFiles/CMakeTmp

Run Build Command:/usr/bin/make "cmTryCompileExec1175575261/fast"
/usr/bin/make -f CMakeFiles/cmTryCompileExec1175575261.dir/build.make CMakeFiles/cmTryCompileExec1175575261.dir/build
/usr/local/Cellar/cmake/2.8.12.2/bin/cmake -E cmake_progress_report /Users/A40154/works/socket.io-cpp/build/CMakeFiles/CMakeTmp/CMakeFiles 1
Building C object CMakeFiles/cmTryCompileExec1175575261.dir/CheckIncludeFile.c.o
/usr/bin/cc  -DKEYWORD=__inline  -o CMakeFiles/cmTryCompileExec1175575261.dir/CheckIncludeFile.c.o   -c /Users/A40154/works/socket.io-cpp/build/CMakeFiles/CMakeTmp/CheckIncludeFile.c
Linking C executable cmTryCompileExec1175575261
/usr/local/Cellar/cmake/2.8.12.2/bin/cmake -E cmake_link_script CMakeFiles/cmTryCompileExec1175575261.dir/link.txt --verbose=1
/usr/bin/cc    -Wl,-search_paths_first -Wl,-headerpad_max_install_names   CMakeFiles/cmTryCompileExec1175575261.dir/CheckIncludeFile.c.o  -o cmTryCompileExec1175575261  


Determining if the include file strings.h exists passed with the following output:
Change Dir: /Users/A40154/works/socket.io-cpp/build/CMakeFiles/CMakeTmp

Run Build Command:/usr/bin/make "cmTryCompileExec2558892060/fast"
/usr/bin/make -f CMakeFiles/cmTryCompileExec2558892060.dir/build.make CMakeFiles/cmTryCompileExec2558892060.dir/build
/usr/local/Cellar/cmake/2.8.12.2/bin/cmake -E cmake_progress_report /Users/A40154/works/socket.io-cpp/build/CMakeFiles/CMakeTmp/CMakeFiles 1
Building C object CMakeFiles/cmTryCompileExec2558892060.dir/CheckIncludeFile.c.o
/usr/bin/cc  -DKEYWORD=__inline  -o CMakeFiles/cmTryCompileExec2558892060.dir/CheckIncludeFile.c.o   -c /Users/A40154/works/socket.io-cpp/build/CMakeFiles/CMakeTmp/CheckIncludeFile.c
Linking C executable cmTryCompileExec2558892060
/usr/local/Cellar/cmake/2.8.12.2/bin/cmake -E cmake_link_script CMakeFiles/cmTryCompileExec2558892060.dir/link.txt --verbose=1
/usr/bin/cc    -Wl,-search_paths_first -Wl,-headerpad_max_install_names   CMakeFiles/cmTryCompileExec2558892060.dir/CheckIncludeFile.c.o  -o cmTryCompileExec2558892060  


Determining if the include file string.h exists passed with the following output:
Change Dir: /Users/A40154/works/socket.io-cpp/build/CMakeFiles/CMakeTmp

Run Build Command:/usr/bin/make "cmTryCompileExec2116176038/fast"
/usr/bin/make -f CMakeFiles/cmTryCompileExec2116176038.dir/build.make CMakeFiles/cmTryCompileExec2116176038.dir/build
/usr/local/Cellar/cmake/2.8.12.2/bin/cmake -E cmake_progress_report /Users/A40154/works/socket.io-cpp/build/CMakeFiles/CMakeTmp/CMakeFiles 1
Building C object CMakeFiles/cmTryCompileExec2116176038.dir/CheckIncludeFile.c.o
/usr/bin/cc  -DKEYWORD=__inline  -o CMakeFiles/cmTryCompileExec2116176038.dir/CheckIncludeFile.c.o   -c /Users/A40154/works/socket.io-cpp/build/CMakeFiles/CMakeTmp/CheckIncludeFile.c
Linking C executable cmTryCompileExec2116176038
/usr/local/Cellar/cmake/2.8.12.2/bin/cmake -E cmake_link_script CMakeFiles/cmTryCompileExec2116176038.dir/link.txt --verbose=1
/usr/bin/cc    -Wl,-search_paths_first -Wl,-headerpad_max_install_names   CMakeFiles/cmTryCompileExec2116176038.dir/CheckIncludeFile.c.o  -o cmTryCompileExec2116176038  


Determining if the include file sys/socket.h exists passed with the following output:
Change Dir: /Users/A40154/works/socket.io-cpp/build/CMakeFiles/CMakeTmp

Run Build Command:/usr/bin/make "cmTryCompileExec1162309516/fast"
/usr/bin/make -f CMakeFiles/cmTryCompileExec1162309516.dir/build.make CMakeFiles/cmTryCompileExec1162309516.dir/build
/usr/local/Cellar/cmake/2.8.12.2/bin/cmake -E cmake_progress_report /Users/A40154/works/socket.io-cpp/build/CMakeFiles/CMakeTmp/CMakeFiles 1
Building C object CMakeFiles/cmTryCompileExec1162309516.dir/CheckIncludeFile.c.o
/usr/bin/cc  -DKEYWORD=__inline  -o CMakeFiles/cmTryCompileExec1162309516.dir/CheckIncludeFile.c.o   -c /Users/A40154/works/socket.io-cpp/build/CMakeFiles/CMakeTmp/CheckIncludeFile.c
Linking C executable cmTryCompileExec1162309516
/usr/local/Cellar/cmake/2.8.12.2/bin/cmake -E cmake_link_script CMakeFiles/cmTryCompileExec1162309516.dir/link.txt --verbose=1
/usr/bin/cc    -Wl,-search_paths_first -Wl,-headerpad_max_install_names   CMakeFiles/cmTryCompileExec1162309516.dir/CheckIncludeFile.c.o  -o cmTryCompileExec1162309516  


Determining if the include file sys/stat.h exists passed with the following output:
Change Dir: /Users/A40154/works/socket.io-cpp/build/CMakeFiles/CMakeTmp

Run Build Command:/usr/bin/make "cmTryCompileExec2375852689/fast"
/usr/bin/make -f CMakeFiles/cmTryCompileExec2375852689.dir/build.make CMakeFiles/cmTryCompileExec2375852689.dir/build
/usr/local/Cellar/cmake/2.8.12.2/bin/cmake -E cmake_progress_report /Users/A40154/works/socket.io-cpp/build/CMakeFiles/CMakeTmp/CMakeFiles 1
Building C object CMakeFiles/cmTryCompileExec2375852689.dir/CheckIncludeFile.c.o
/usr/bin/cc  -DKEYWORD=__inline  -o CMakeFiles/cmTryCompileExec2375852689.dir/CheckIncludeFile.c.o   -c /Users/A40154/works/socket.io-cpp/build/CMakeFiles/CMakeTmp/CheckIncludeFile.c
Linking C executable cmTryCompileExec2375852689
/usr/local/Cellar/cmake/2.8.12.2/bin/cmake -E cmake_link_script CMakeFiles/cmTryCompileExec2375852689.dir/link.txt --verbose=1
/usr/bin/cc    -Wl,-search_paths_first -Wl,-headerpad_max_install_names   CMakeFiles/cmTryCompileExec2375852689.dir/CheckIncludeFile.c.o  -o cmTryCompileExec2375852689  


Determining if the include file sys/types.h exists passed with the following output:
Change Dir: /Users/A40154/works/socket.io-cpp/build/CMakeFiles/CMakeTmp

Run Build Command:/usr/bin/make "cmTryCompileExec2866586868/fast"
/usr/bin/make -f CMakeFiles/cmTryCompileExec2866586868.dir/build.make CMakeFiles/cmTryCompileExec2866586868.dir/build
/usr/local/Cellar/cmake/2.8.12.2/bin/cmake -E cmake_progress_report /Users/A40154/works/socket.io-cpp/build/CMakeFiles/CMakeTmp/CMakeFiles 1
Building C object CMakeFiles/cmTryCompileExec2866586868.dir/CheckIncludeFile.c.o
/usr/bin/cc  -DKEYWORD=__inline  -o CMakeFiles/cmTryCompileExec2866586868.dir/CheckIncludeFile.c.o   -c /Users/A40154/works/socket.io-cpp/build/CMakeFiles/CMakeTmp/CheckIncludeFile.c
Linking C executable cmTryCompileExec2866586868
/usr/local/Cellar/cmake/2.8.12.2/bin/cmake -E cmake_link_script CMakeFiles/cmTryCompileExec2866586868.dir/link.txt --verbose=1
/usr/bin/cc    -Wl,-search_paths_first -Wl,-headerpad_max_install_names   CMakeFiles/cmTryCompileExec2866586868.dir/CheckIncludeFile.c.o  -o cmTryCompileExec2866586868  


Determining if the include file unistd.h exists passed with the following output:
Change Dir: /Users/A40154/works/socket.io-cpp/build/CMakeFiles/CMakeTmp

Run Build Command:/usr/bin/make "cmTryCompileExec30496622/fast"
/usr/bin/make -f CMakeFiles/cmTryCompileExec30496622.dir/build.make CMakeFiles/cmTryCompileExec30496622.dir/build
/usr/local/Cellar/cmake/2.8.12.2/bin/cmake -E cmake_progress_report /Users/A40154/works/socket.io-cpp/build/CMakeFiles/CMakeTmp/CMakeFiles 1
Building C object CMakeFiles/cmTryCompileExec30496622.dir/CheckIncludeFile.c.o
/usr/bin/cc  -DKEYWORD=__inline  -o CMakeFiles/cmTryCompileExec30496622.dir/CheckIncludeFile.c.o   -c /Users/A40154/works/socket.io-cpp/build/CMakeFiles/CMakeTmp/CheckIncludeFile.c
Linking C executable cmTryCompileExec30496622
/usr/local/Cellar/cmake/2.8.12.2/bin/cmake -E cmake_link_script CMakeFiles/cmTryCompileExec30496622.dir/link.txt --verbose=1
/usr/bin/cc    -Wl,-search_paths_first -Wl,-headerpad_max_install_names   CMakeFiles/cmTryCompileExec30496622.dir/CheckIncludeFile.c.o  -o cmTryCompileExec30496622  


Determining if the include file zlib.h exists passed with the following output:
Change Dir: /Users/A40154/works/socket.io-cpp/build/CMakeFiles/CMakeTmp

Run Build Command:/usr/bin/make "cmTryCompileExec1324575068/fast"
/usr/bin/make -f CMakeFiles/cmTryCompileExec1324575068.dir/build.make CMakeFiles/cmTryCompileExec1324575068.dir/build
/usr/local/Cellar/cmake/2.8.12.2/bin/cmake -E cmake_progress_report /Users/A40154/works/socket.io-cpp/build/CMakeFiles/CMakeTmp/CMakeFiles 1
Building C object CMakeFiles/cmTryCompileExec1324575068.dir/CheckIncludeFile.c.o
/usr/bin/cc  -DKEYWORD=__inline  -o CMakeFiles/cmTryCompileExec1324575068.dir/CheckIncludeFile.c.o   -c /Users/A40154/works/socket.io-cpp/build/CMakeFiles/CMakeTmp/CheckIncludeFile.c
Linking C executable cmTryCompileExec1324575068
/usr/local/Cellar/cmake/2.8.12.2/bin/cmake -E cmake_link_script CMakeFiles/cmTryCompileExec1324575068.dir/link.txt --verbose=1
/usr/bin/cc    -Wl,-search_paths_first -Wl,-headerpad_max_install_names   CMakeFiles/cmTryCompileExec1324575068.dir/CheckIncludeFile.c.o  -o cmTryCompileExec1324575068  


Determining if files stdlib.h;stdarg.h;string.h;float.h exist passed with the following output:
Change Dir: /Users/A40154/works/socket.io-cpp/build/CMakeFiles/CMakeTmp

Run Build Command:/usr/bin/make "cmTryCompileExec4087986828/fast"
/usr/bin/make -f CMakeFiles/cmTryCompileExec4087986828.dir/build.make CMakeFiles/cmTryCompileExec4087986828.dir/build
/usr/local/Cellar/cmake/2.8.12.2/bin/cmake -E cmake_progress_report /Users/A40154/works/socket.io-cpp/build/CMakeFiles/CMakeTmp/CMakeFiles 1
Building C object CMakeFiles/cmTryCompileExec4087986828.dir/CheckIncludeFiles.c.o
/usr/bin/cc  -DKEYWORD=__inline  -o CMakeFiles/cmTryCompileExec4087986828.dir/CheckIncludeFiles.c.o   -c /Users/A40154/works/socket.io-cpp/build/CMakeFiles/CMakeTmp/CheckIncludeFiles.c
Linking C executable cmTryCompileExec4087986828
/usr/local/Cellar/cmake/2.8.12.2/bin/cmake -E cmake_link_script CMakeFiles/cmTryCompileExec4087986828.dir/link.txt --verbose=1
/usr/bin/cc    -Wl,-search_paths_first -Wl,-headerpad_max_install_names   CMakeFiles/cmTryCompileExec4087986828.dir/CheckIncludeFiles.c.o  -o cmTryCompileExec4087986828  


Determining if the include file stddef.h exists passed with the following output:
Change Dir: /Users/A40154/works/socket.io-cpp/build/CMakeFiles/CMakeTmp

Run Build Command:/usr/bin/make "cmTryCompileExec3053213177/fast"
/usr/bin/make -f CMakeFiles/cmTryCompileExec3053213177.dir/build.make CMakeFiles/cmTryCompileExec3053213177.dir/build
/usr/local/Cellar/cmake/2.8.12.2/bin/cmake -E cmake_progress_report /Users/A40154/works/socket.io-cpp/build/CMakeFiles/CMakeTmp/CMakeFiles 1
Building C object CMakeFiles/cmTryCompileExec3053213177.dir/CheckIncludeFile.c.o
/usr/bin/cc  -DKEYWORD=__inline  -o CMakeFiles/cmTryCompileExec3053213177.dir/CheckIncludeFile.c.o   -c /Users/A40154/works/socket.io-cpp/build/CMakeFiles/CMakeTmp/CheckIncludeFile.c
Linking C executable cmTryCompileExec3053213177
/usr/local/Cellar/cmake/2.8.12.2/bin/cmake -E cmake_link_script CMakeFiles/cmTryCompileExec3053213177.dir/link.txt --verbose=1
/usr/bin/cc    -Wl,-search_paths_first -Wl,-headerpad_max_install_names   CMakeFiles/cmTryCompileExec3053213177.dir/CheckIncludeFile.c.o  -o cmTryCompileExec3053213177  


Determining size of pid_t passed with the following output:
Change Dir: /Users/A40154/works/socket.io-cpp/build/CMakeFiles/CMakeTmp

Run Build Command:/usr/bin/make "cmTryCompileExec133239375/fast"
/usr/bin/make -f CMakeFiles/cmTryCompileExec133239375.dir/build.make CMakeFiles/cmTryCompileExec133239375.dir/build
/usr/local/Cellar/cmake/2.8.12.2/bin/cmake -E cmake_progress_report /Users/A40154/works/socket.io-cpp/build/CMakeFiles/CMakeTmp/CMakeFiles 1
Building C object CMakeFiles/cmTryCompileExec133239375.dir/PID_T_SIZE.c.o
/usr/bin/cc  -DKEYWORD=__inline  -o CMakeFiles/cmTryCompileExec133239375.dir/PID_T_SIZE.c.o   -c /Users/A40154/works/socket.io-cpp/build/CMakeFiles/CheckTypeSize/PID_T_SIZE.c
Linking C executable cmTryCompileExec133239375
/usr/local/Cellar/cmake/2.8.12.2/bin/cmake -E cmake_link_script CMakeFiles/cmTryCompileExec133239375.dir/link.txt --verbose=1
/usr/bin/cc    -Wl,-search_paths_first -Wl,-headerpad_max_install_names   CMakeFiles/cmTryCompileExec133239375.dir/PID_T_SIZE.c.o  -o cmTryCompileExec133239375  


Determining size of size_t passed with the following output:
Change Dir: /Users/A40154/works/socket.io-cpp/build/CMakeFiles/CMakeTmp

Run Build Command:/usr/bin/make "cmTryCompileExec3731998437/fast"
/usr/bin/make -f CMakeFiles/cmTryCompileExec3731998437.dir/build.make CMakeFiles/cmTryCompileExec3731998437.dir/build
/usr/local/Cellar/cmake/2.8.12.2/bin/cmake -E cmake_progress_report /Users/A40154/works/socket.io-cpp/build/CMakeFiles/CMakeTmp/CMakeFiles 1
Building C object CMakeFiles/cmTryCompileExec3731998437.dir/SIZE_T_SIZE.c.o
/usr/bin/cc  -DKEYWORD=__inline  -o CMakeFiles/cmTryCompileExec3731998437.dir/SIZE_T_SIZE.c.o   -c /Users/A40154/works/socket.io-cpp/build/CMakeFiles/CheckTypeSize/SIZE_T_SIZE.c
Linking C executable cmTryCompileExec3731998437
/usr/local/Cellar/cmake/2.8.12.2/bin/cmake -E cmake_link_script CMakeFiles/cmTryCompileExec3731998437.dir/link.txt --verbose=1
/usr/bin/cc    -Wl,-search_paths_first -Wl,-headerpad_max_install_names   CMakeFiles/cmTryCompileExec3731998437.dir/SIZE_T_SIZE.c.o  -o cmTryCompileExec3731998437  


